{"/Users/selim/Desktop/AA JS/week-2/index.js": {"path":"/Users/selim/Desktop/AA JS/week-2/index.js","statementMap":{"0":{"start":{"line":1,"column":16},"end":{"line":1,"column":34}},"1":{"start":{"line":2,"column":19},"end":{"line":2,"column":41}},"2":{"start":{"line":3,"column":25},"end":{"line":3,"column":55}},"3":{"start":{"line":4,"column":19},"end":{"line":4,"column":46}},"4":{"start":{"line":5,"column":21},"end":{"line":5,"column":49}},"5":{"start":{"line":6,"column":20},"end":{"line":6,"column":45}},"6":{"start":{"line":7,"column":0},"end":{"line":7,"column":29}},"7":{"start":{"line":9,"column":12},"end":{"line":9,"column":21}},"8":{"start":{"line":10,"column":0},"end":{"line":10,"column":26}},"9":{"start":{"line":12,"column":0},"end":{"line":12,"column":29}},"10":{"start":{"line":14,"column":0},"end":{"line":14,"column":40}},"11":{"start":{"line":15,"column":0},"end":{"line":15,"column":33}},"12":{"start":{"line":16,"column":0},"end":{"line":16,"column":36}},"13":{"start":{"line":17,"column":0},"end":{"line":17,"column":25}},"14":{"start":{"line":19,"column":0},"end":{"line":19,"column":20}}},"fnMap":{},"branchMap":{},"s":{"0":2,"1":2,"2":2,"3":2,"4":2,"5":2,"6":2,"7":2,"8":2,"9":2,"10":2,"11":2,"12":2,"13":2,"14":2},"f":{},"b":{},"_coverageSchema":"1a1c01bbd47fc00a2c39e90264f33305004495a9","hash":"55503aefa2f2bbce4bc48728ca4c354f8e71130d"}
,"/Users/selim/Desktop/AA JS/week-2/mongo-connection.js": {"path":"/Users/selim/Desktop/AA JS/week-2/mongo-connection.js","statementMap":{"0":{"start":{"line":1,"column":17},"end":{"line":1,"column":36}},"1":{"start":{"line":2,"column":0},"end":{"line":2,"column":46}},"2":{"start":{"line":4,"column":9},"end":{"line":4,"column":28}},"3":{"start":{"line":5,"column":0},"end":{"line":5,"column":64}},"4":{"start":{"line":6,"column":0},"end":{"line":8,"column":2}},"5":{"start":{"line":7,"column":4},"end":{"line":7,"column":47}}},"fnMap":{"0":{"name":"(anonymous_0)","decl":{"start":{"line":6,"column":16},"end":{"line":6,"column":17}},"loc":{"start":{"line":6,"column":28},"end":{"line":8,"column":1}},"line":6}},"branchMap":{},"s":{"0":2,"1":2,"2":2,"3":2,"4":2,"5":2},"f":{"0":2},"b":{},"_coverageSchema":"1a1c01bbd47fc00a2c39e90264f33305004495a9","hash":"976e42eb2031ac82124cda8e64d91852b1190a67"}
,"/Users/selim/Desktop/AA JS/week-2/lib/print-booking-history.js": {"path":"/Users/selim/Desktop/AA JS/week-2/lib/print-booking-history.js","statementMap":{"0":{"start":{"line":1,"column":15},"end":{"line":1,"column":32}},"1":{"start":{"line":4,"column":4},"end":{"line":4,"column":199}},"2":{"start":{"line":8,"column":4},"end":{"line":9,"column":80}},"3":{"start":{"line":9,"column":8},"end":{"line":9,"column":80}},"4":{"start":{"line":11,"column":4},"end":{"line":11,"column":44}},"5":{"start":{"line":14,"column":0},"end":{"line":14,"column":36}}},"fnMap":{"0":{"name":"printBooking","decl":{"start":{"line":3,"column":9},"end":{"line":3,"column":21}},"loc":{"start":{"line":3,"column":31},"end":{"line":5,"column":1}},"line":3},"1":{"name":"printBookinghistory","decl":{"start":{"line":7,"column":9},"end":{"line":7,"column":28}},"loc":{"start":{"line":7,"column":40},"end":{"line":12,"column":1}},"line":7}},"branchMap":{"0":{"loc":{"start":{"line":8,"column":4},"end":{"line":9,"column":80}},"type":"if","locations":[{"start":{"line":8,"column":4},"end":{"line":9,"column":80}},{"start":{},"end":{}}],"line":8}},"s":{"0":1,"1":1,"2":2,"3":1,"4":1,"5":1},"f":{"0":1,"1":2},"b":{"0":[1,1]},"_coverageSchema":"1a1c01bbd47fc00a2c39e90264f33305004495a9","hash":"e0c6cb93f7449e3c317535fe2401bbfc5411a46b"}
,"/Users/selim/Desktop/AA JS/week-2/models/booking.js": {"path":"/Users/selim/Desktop/AA JS/week-2/models/booking.js","statementMap":{"0":{"start":{"line":1,"column":17},"end":{"line":1,"column":36}},"1":{"start":{"line":3,"column":22},"end":{"line":16,"column":2}},"2":{"start":{"line":17,"column":0},"end":{"line":17,"column":54}},"3":{"start":{"line":19,"column":0},"end":{"line":19,"column":57}}},"fnMap":{},"branchMap":{},"s":{"0":2,"1":2,"2":2,"3":2},"f":{},"b":{},"_coverageSchema":"1a1c01bbd47fc00a2c39e90264f33305004495a9","hash":"5c9ff3617cc5faaaeb345feab38f7f7b1d28709e"}
,"/Users/selim/Desktop/AA JS/week-2/models/driver.js": {"path":"/Users/selim/Desktop/AA JS/week-2/models/driver.js","statementMap":{"0":{"start":{"line":1,"column":17},"end":{"line":1,"column":36}},"1":{"start":{"line":3,"column":22},"end":{"line":7,"column":2}},"2":{"start":{"line":9,"column":0},"end":{"line":9,"column":55}}},"fnMap":{},"branchMap":{},"s":{"0":2,"1":2,"2":2},"f":{},"b":{},"_coverageSchema":"1a1c01bbd47fc00a2c39e90264f33305004495a9","hash":"70fc6e2f9a5894919ef430c600836efbb32875a6"}
,"/Users/selim/Desktop/AA JS/week-2/models/passenger.js": {"path":"/Users/selim/Desktop/AA JS/week-2/models/passenger.js","statementMap":{"0":{"start":{"line":1,"column":16},"end":{"line":1,"column":36}},"1":{"start":{"line":3,"column":17},"end":{"line":3,"column":36}},"2":{"start":{"line":5,"column":24},"end":{"line":14,"column":2}},"3":{"start":{"line":16,"column":0},"end":{"line":16,"column":56}},"4":{"start":{"line":18,"column":0},"end":{"line":18,"column":61}}},"fnMap":{},"branchMap":{},"s":{"0":2,"1":2,"2":2,"3":2,"4":2},"f":{},"b":{},"_coverageSchema":"1a1c01bbd47fc00a2c39e90264f33305004495a9","hash":"4662f7e300e90c065c85ae5372573dd707fdc437"}
,"/Users/selim/Desktop/AA JS/week-2/routes/bookings.js": {"path":"/Users/selim/Desktop/AA JS/week-2/routes/bookings.js","statementMap":{"0":{"start":{"line":1,"column":15},"end":{"line":1,"column":42}},"1":{"start":{"line":2,"column":27},"end":{"line":2,"column":49}},"2":{"start":{"line":3,"column":15},"end":{"line":3,"column":42}},"3":{"start":{"line":5,"column":0},"end":{"line":9,"column":2}},"4":{"start":{"line":6,"column":21},"end":{"line":6,"column":48}},"5":{"start":{"line":8,"column":4},"end":{"line":8,"column":40}},"6":{"start":{"line":11,"column":0},"end":{"line":23,"column":2}},"7":{"start":{"line":12,"column":19},"end":{"line":12,"column":35}},"8":{"start":{"line":13,"column":24},"end":{"line":13,"column":45}},"9":{"start":{"line":15,"column":18},"end":{"line":15,"column":20}},"10":{"start":{"line":17,"column":4},"end":{"line":17,"column":36}},"11":{"start":{"line":17,"column":15},"end":{"line":17,"column":36}},"12":{"start":{"line":18,"column":4},"end":{"line":18,"column":51}},"13":{"start":{"line":18,"column":20},"end":{"line":18,"column":51}},"14":{"start":{"line":20,"column":21},"end":{"line":20,"column":54}},"15":{"start":{"line":22,"column":4},"end":{"line":22,"column":40}},"16":{"start":{"line":25,"column":0},"end":{"line":25,"column":23}}},"fnMap":{"0":{"name":"(anonymous_0)","decl":{"start":{"line":5,"column":16},"end":{"line":5,"column":17}},"loc":{"start":{"line":5,"column":36},"end":{"line":9,"column":1}},"line":5},"1":{"name":"(anonymous_1)","decl":{"start":{"line":11,"column":22},"end":{"line":11,"column":23}},"loc":{"start":{"line":11,"column":42},"end":{"line":23,"column":1}},"line":11}},"branchMap":{"0":{"loc":{"start":{"line":17,"column":4},"end":{"line":17,"column":36}},"type":"if","locations":[{"start":{"line":17,"column":4},"end":{"line":17,"column":36}},{"start":{},"end":{}}],"line":17},"1":{"loc":{"start":{"line":18,"column":4},"end":{"line":18,"column":51}},"type":"if","locations":[{"start":{"line":18,"column":4},"end":{"line":18,"column":51}},{"start":{},"end":{}}],"line":18}},"s":{"0":2,"1":2,"2":2,"3":2,"4":0,"5":0,"6":2,"7":0,"8":0,"9":0,"10":0,"11":0,"12":0,"13":0,"14":0,"15":0,"16":2},"f":{"0":0,"1":0},"b":{"0":[0,0],"1":[0,0]},"_coverageSchema":"1a1c01bbd47fc00a2c39e90264f33305004495a9","hash":"7076e3f711ec05d5f9a515f5ee5541bfbf1dab1a"}
,"/Users/selim/Desktop/AA JS/week-2/routes/drivers.js": {"path":"/Users/selim/Desktop/AA JS/week-2/routes/drivers.js","statementMap":{"0":{"start":{"line":1,"column":26},"end":{"line":1,"column":48}},"1":{"start":{"line":2,"column":15},"end":{"line":2,"column":42}},"2":{"start":{"line":4,"column":0},"end":{"line":8,"column":2}},"3":{"start":{"line":5,"column":20},"end":{"line":5,"column":46}},"4":{"start":{"line":7,"column":4},"end":{"line":7,"column":38}},"5":{"start":{"line":10,"column":0},"end":{"line":14,"column":2}},"6":{"start":{"line":11,"column":19},"end":{"line":11,"column":55}},"7":{"start":{"line":13,"column":4},"end":{"line":13,"column":20}},"8":{"start":{"line":16,"column":0},"end":{"line":20,"column":2}},"9":{"start":{"line":17,"column":4},"end":{"line":17,"column":60}},"10":{"start":{"line":19,"column":4},"end":{"line":19,"column":18}},"11":{"start":{"line":22,"column":0},"end":{"line":26,"column":2}},"12":{"start":{"line":23,"column":20},"end":{"line":23,"column":58}},"13":{"start":{"line":25,"column":4},"end":{"line":25,"column":38}},"14":{"start":{"line":28,"column":0},"end":{"line":32,"column":2}},"15":{"start":{"line":29,"column":19},"end":{"line":29,"column":64}},"16":{"start":{"line":30,"column":4},"end":{"line":30,"column":66}},"17":{"start":{"line":30,"column":17},"end":{"line":30,"column":66}},"18":{"start":{"line":31,"column":4},"end":{"line":31,"column":36}},"19":{"start":{"line":34,"column":0},"end":{"line":39,"column":2}},"20":{"start":{"line":35,"column":25},"end":{"line":35,"column":33}},"21":{"start":{"line":36,"column":21},"end":{"line":36,"column":29}},"22":{"start":{"line":38,"column":4},"end":{"line":38,"column":50}},"23":{"start":{"line":41,"column":0},"end":{"line":41,"column":23}}},"fnMap":{"0":{"name":"(anonymous_0)","decl":{"start":{"line":4,"column":16},"end":{"line":4,"column":17}},"loc":{"start":{"line":4,"column":36},"end":{"line":8,"column":1}},"line":4},"1":{"name":"(anonymous_1)","decl":{"start":{"line":10,"column":17},"end":{"line":10,"column":18}},"loc":{"start":{"line":10,"column":37},"end":{"line":14,"column":1}},"line":10},"2":{"name":"(anonymous_2)","decl":{"start":{"line":16,"column":28},"end":{"line":16,"column":29}},"loc":{"start":{"line":16,"column":48},"end":{"line":20,"column":1}},"line":16},"3":{"name":"(anonymous_3)","decl":{"start":{"line":22,"column":29},"end":{"line":22,"column":30}},"loc":{"start":{"line":22,"column":49},"end":{"line":26,"column":1}},"line":22},"4":{"name":"(anonymous_4)","decl":{"start":{"line":28,"column":25},"end":{"line":28,"column":26}},"loc":{"start":{"line":28,"column":45},"end":{"line":32,"column":1}},"line":28},"5":{"name":"(anonymous_5)","decl":{"start":{"line":34,"column":27},"end":{"line":34,"column":28}},"loc":{"start":{"line":34,"column":47},"end":{"line":39,"column":1}},"line":34}},"branchMap":{"0":{"loc":{"start":{"line":30,"column":4},"end":{"line":30,"column":66}},"type":"if","locations":[{"start":{"line":30,"column":4},"end":{"line":30,"column":66}},{"start":{},"end":{}}],"line":30}},"s":{"0":2,"1":2,"2":2,"3":0,"4":0,"5":2,"6":1,"7":1,"8":2,"9":0,"10":0,"11":2,"12":0,"13":0,"14":2,"15":0,"16":0,"17":0,"18":0,"19":2,"20":0,"21":0,"22":0,"23":2},"f":{"0":0,"1":1,"2":0,"3":0,"4":0,"5":0},"b":{"0":[0,0]},"_coverageSchema":"1a1c01bbd47fc00a2c39e90264f33305004495a9","hash":"9b15038ed45d16363ec5b601fd99d6a1b8b72e95"}
,"/Users/selim/Desktop/AA JS/week-2/routes/index.js": {"path":"/Users/selim/Desktop/AA JS/week-2/routes/index.js","statementMap":{"0":{"start":{"line":1,"column":15},"end":{"line":1,"column":42}},"1":{"start":{"line":3,"column":0},"end":{"line":5,"column":2}},"2":{"start":{"line":4,"column":4},"end":{"line":4,"column":23}},"3":{"start":{"line":7,"column":0},"end":{"line":7,"column":23}}},"fnMap":{"0":{"name":"(anonymous_0)","decl":{"start":{"line":3,"column":16},"end":{"line":3,"column":17}},"loc":{"start":{"line":3,"column":30},"end":{"line":5,"column":1}},"line":3}},"branchMap":{},"s":{"0":2,"1":2,"2":0,"3":2},"f":{"0":0},"b":{},"_coverageSchema":"1a1c01bbd47fc00a2c39e90264f33305004495a9","hash":"dd7ebd1ce053fd9f3d0b312d32eafd2f31088965"}
,"/Users/selim/Desktop/AA JS/week-2/routes/passengers.js": {"path":"/Users/selim/Desktop/AA JS/week-2/routes/passengers.js","statementMap":{"0":{"start":{"line":1,"column":44},"end":{"line":1,"column":66}},"1":{"start":{"line":2,"column":16},"end":{"line":2,"column":44}},"2":{"start":{"line":4,"column":15},"end":{"line":4,"column":42}},"3":{"start":{"line":6,"column":0},"end":{"line":10,"column":2}},"4":{"start":{"line":7,"column":23},"end":{"line":7,"column":52}},"5":{"start":{"line":9,"column":4},"end":{"line":9,"column":44}},"6":{"start":{"line":12,"column":0},"end":{"line":20,"column":2}},"7":{"start":{"line":13,"column":4},"end":{"line":19,"column":5}},"8":{"start":{"line":14,"column":26},"end":{"line":14,"column":65}},"9":{"start":{"line":16,"column":8},"end":{"line":16,"column":27}},"10":{"start":{"line":18,"column":8},"end":{"line":18,"column":15}},"11":{"start":{"line":22,"column":0},"end":{"line":26,"column":2}},"12":{"start":{"line":23,"column":4},"end":{"line":23,"column":66}},"13":{"start":{"line":25,"column":4},"end":{"line":25,"column":18}},"14":{"start":{"line":28,"column":0},"end":{"line":33,"column":2}},"15":{"start":{"line":29,"column":22},"end":{"line":29,"column":73}},"16":{"start":{"line":31,"column":4},"end":{"line":31,"column":72}},"17":{"start":{"line":31,"column":20},"end":{"line":31,"column":72}},"18":{"start":{"line":32,"column":4},"end":{"line":32,"column":42}},"19":{"start":{"line":35,"column":0},"end":{"line":42,"column":2}},"20":{"start":{"line":36,"column":28},"end":{"line":36,"column":38}},"21":{"start":{"line":37,"column":46},"end":{"line":37,"column":54}},"22":{"start":{"line":39,"column":20},"end":{"line":39,"column":91}},"23":{"start":{"line":41,"column":4},"end":{"line":41,"column":21}},"24":{"start":{"line":44,"column":0},"end":{"line":49,"column":2}},"25":{"start":{"line":45,"column":28},"end":{"line":45,"column":36}},"26":{"start":{"line":46,"column":21},"end":{"line":46,"column":29}},"27":{"start":{"line":48,"column":4},"end":{"line":48,"column":56}},"28":{"start":{"line":51,"column":0},"end":{"line":51,"column":23}}},"fnMap":{"0":{"name":"(anonymous_0)","decl":{"start":{"line":6,"column":16},"end":{"line":6,"column":17}},"loc":{"start":{"line":6,"column":36},"end":{"line":10,"column":1}},"line":6},"1":{"name":"(anonymous_1)","decl":{"start":{"line":12,"column":17},"end":{"line":12,"column":18}},"loc":{"start":{"line":12,"column":43},"end":{"line":20,"column":1}},"line":12},"2":{"name":"(anonymous_2)","decl":{"start":{"line":22,"column":31},"end":{"line":22,"column":32}},"loc":{"start":{"line":22,"column":51},"end":{"line":26,"column":1}},"line":22},"3":{"name":"(anonymous_3)","decl":{"start":{"line":28,"column":28},"end":{"line":28,"column":29}},"loc":{"start":{"line":28,"column":48},"end":{"line":33,"column":1}},"line":28},"4":{"name":"(anonymous_4)","decl":{"start":{"line":35,"column":38},"end":{"line":35,"column":39}},"loc":{"start":{"line":35,"column":58},"end":{"line":42,"column":1}},"line":35},"5":{"name":"(anonymous_5)","decl":{"start":{"line":44,"column":30},"end":{"line":44,"column":31}},"loc":{"start":{"line":44,"column":50},"end":{"line":49,"column":1}},"line":44}},"branchMap":{"0":{"loc":{"start":{"line":31,"column":4},"end":{"line":31,"column":72}},"type":"if","locations":[{"start":{"line":31,"column":4},"end":{"line":31,"column":72}},{"start":{},"end":{}}],"line":31}},"s":{"0":2,"1":2,"2":2,"3":2,"4":0,"5":0,"6":2,"7":2,"8":2,"9":2,"10":0,"11":2,"12":0,"13":0,"14":2,"15":0,"16":0,"17":0,"18":0,"19":2,"20":1,"21":1,"22":1,"23":1,"24":2,"25":0,"26":0,"27":0,"28":2},"f":{"0":0,"1":2,"2":0,"3":0,"4":1,"5":0},"b":{"0":[0,0]},"_coverageSchema":"1a1c01bbd47fc00a2c39e90264f33305004495a9","hash":"7ed2dc3655006fc7c81d418f34f95eb073dd4915"}
,"/Users/selim/Desktop/AA JS/week-2/services/base-service.js": {"path":"/Users/selim/Desktop/AA JS/week-2/services/base-service.js","statementMap":{"0":{"start":{"line":1,"column":11},"end":{"line":1,"column":24}},"1":{"start":{"line":2,"column":16},"end":{"line":2,"column":34}},"2":{"start":{"line":6,"column":8},"end":{"line":6,"column":26}},"3":{"start":{"line":10,"column":8},"end":{"line":10,"column":41}},"4":{"start":{"line":14,"column":8},"end":{"line":14,"column":32}},"5":{"start":{"line":18,"column":8},"end":{"line":18,"column":46}},"6":{"start":{"line":22,"column":8},"end":{"line":22,"column":58}},"7":{"start":{"line":26,"column":8},"end":{"line":26,"column":55}},"8":{"start":{"line":29,"column":8},"end":{"line":29,"column":38}},"9":{"start":{"line":33,"column":8},"end":{"line":33,"column":35}},"10":{"start":{"line":37,"column":8},"end":{"line":37,"column":53}},"11":{"start":{"line":41,"column":0},"end":{"line":41,"column":28}}},"fnMap":{"0":{"name":"(anonymous_0)","decl":{"start":{"line":5,"column":4},"end":{"line":5,"column":5}},"loc":{"start":{"line":5,"column":23},"end":{"line":7,"column":5}},"line":5},"1":{"name":"(anonymous_1)","decl":{"start":{"line":9,"column":4},"end":{"line":9,"column":5}},"loc":{"start":{"line":9,"column":18},"end":{"line":11,"column":5}},"line":9},"2":{"name":"(anonymous_2)","decl":{"start":{"line":13,"column":4},"end":{"line":13,"column":5}},"loc":{"start":{"line":13,"column":11},"end":{"line":15,"column":5}},"line":13},"3":{"name":"(anonymous_3)","decl":{"start":{"line":17,"column":4},"end":{"line":17,"column":5}},"loc":{"start":{"line":17,"column":25},"end":{"line":19,"column":5}},"line":17},"4":{"name":"(anonymous_4)","decl":{"start":{"line":21,"column":4},"end":{"line":21,"column":5}},"loc":{"start":{"line":21,"column":36},"end":{"line":23,"column":5}},"line":21},"5":{"name":"(anonymous_5)","decl":{"start":{"line":25,"column":4},"end":{"line":25,"column":5}},"loc":{"start":{"line":25,"column":29},"end":{"line":27,"column":5}},"line":25},"6":{"name":"(anonymous_6)","decl":{"start":{"line":28,"column":4},"end":{"line":28,"column":5}},"loc":{"start":{"line":28,"column":19},"end":{"line":30,"column":5}},"line":28},"7":{"name":"(anonymous_7)","decl":{"start":{"line":32,"column":4},"end":{"line":32,"column":5}},"loc":{"start":{"line":32,"column":20},"end":{"line":34,"column":5}},"line":32},"8":{"name":"(anonymous_8)","decl":{"start":{"line":36,"column":4},"end":{"line":36,"column":5}},"loc":{"start":{"line":36,"column":34},"end":{"line":38,"column":5}},"line":36}},"branchMap":{},"s":{"0":2,"1":2,"2":6,"3":0,"4":0,"5":4,"6":0,"7":0,"8":2,"9":0,"10":0,"11":2},"f":{"0":6,"1":0,"2":0,"3":4,"4":0,"5":0,"6":2,"7":0,"8":0},"b":{},"_coverageSchema":"1a1c01bbd47fc00a2c39e90264f33305004495a9","hash":"9eb692793f7f6aa6306a2940629d6917db6b7f59"}
,"/Users/selim/Desktop/AA JS/week-2/services/booking-service.js": {"path":"/Users/selim/Desktop/AA JS/week-2/services/booking-service.js","statementMap":{"0":{"start":{"line":1,"column":20},"end":{"line":1,"column":45}},"1":{"start":{"line":2,"column":16},"end":{"line":2,"column":44}},"2":{"start":{"line":6,"column":8},"end":{"line":6,"column":52}},"3":{"start":{"line":10,"column":8},"end":{"line":10,"column":46}},"4":{"start":{"line":14,"column":0},"end":{"line":14,"column":44}}},"fnMap":{"0":{"name":"(anonymous_0)","decl":{"start":{"line":5,"column":4},"end":{"line":5,"column":5}},"loc":{"start":{"line":5,"column":40},"end":{"line":7,"column":5}},"line":5},"1":{"name":"(anonymous_1)","decl":{"start":{"line":9,"column":4},"end":{"line":9,"column":5}},"loc":{"start":{"line":9,"column":34},"end":{"line":11,"column":5}},"line":9}},"branchMap":{},"s":{"0":2,"1":2,"2":0,"3":0,"4":2},"f":{"0":0,"1":0},"b":{},"_coverageSchema":"1a1c01bbd47fc00a2c39e90264f33305004495a9","hash":"0954ccb3daa31fdce04ca4111062fcbabfb71122"}
,"/Users/selim/Desktop/AA JS/week-2/services/driver-service.js": {"path":"/Users/selim/Desktop/AA JS/week-2/services/driver-service.js","statementMap":{"0":{"start":{"line":1,"column":20},"end":{"line":1,"column":45}},"1":{"start":{"line":2,"column":15},"end":{"line":2,"column":42}},"2":{"start":{"line":6,"column":8},"end":{"line":6,"column":40}},"3":{"start":{"line":10,"column":8},"end":{"line":10,"column":48}},"4":{"start":{"line":14,"column":8},"end":{"line":19,"column":10}},"5":{"start":{"line":23,"column":0},"end":{"line":23,"column":42}}},"fnMap":{"0":{"name":"(anonymous_0)","decl":{"start":{"line":5,"column":4},"end":{"line":5,"column":5}},"loc":{"start":{"line":5,"column":33},"end":{"line":7,"column":5}},"line":5},"1":{"name":"(anonymous_1)","decl":{"start":{"line":9,"column":4},"end":{"line":9,"column":5}},"loc":{"start":{"line":9,"column":35},"end":{"line":11,"column":5}},"line":9},"2":{"name":"(anonymous_2)","decl":{"start":{"line":13,"column":4},"end":{"line":13,"column":5}},"loc":{"start":{"line":13,"column":29},"end":{"line":20,"column":5}},"line":13}},"branchMap":{},"s":{"0":2,"1":2,"2":0,"3":0,"4":0,"5":2},"f":{"0":0,"1":0,"2":0},"b":{},"_coverageSchema":"1a1c01bbd47fc00a2c39e90264f33305004495a9","hash":"f117ca8394b2932f0d3b539fbbf28be6495956d3"}
,"/Users/selim/Desktop/AA JS/week-2/services/index.js": {"path":"/Users/selim/Desktop/AA JS/week-2/services/index.js","statementMap":{"0":{"start":{"line":1,"column":25},"end":{"line":1,"column":55}},"1":{"start":{"line":2,"column":22},"end":{"line":2,"column":49}},"2":{"start":{"line":3,"column":23},"end":{"line":3,"column":51}},"3":{"start":{"line":5,"column":0},"end":{"line":5,"column":68}}},"fnMap":{},"branchMap":{},"s":{"0":2,"1":2,"2":2,"3":2},"f":{},"b":{},"_coverageSchema":"1a1c01bbd47fc00a2c39e90264f33305004495a9","hash":"5adbca5daaed6ea04cb2c79ffe90cae999515105"}
,"/Users/selim/Desktop/AA JS/week-2/services/passenger-service.js": {"path":"/Users/selim/Desktop/AA JS/week-2/services/passenger-service.js","statementMap":{"0":{"start":{"line":1,"column":20},"end":{"line":1,"column":45}},"1":{"start":{"line":2,"column":18},"end":{"line":2,"column":48}},"2":{"start":{"line":3,"column":23},"end":{"line":3,"column":51}},"3":{"start":{"line":4,"column":22},"end":{"line":4,"column":49}},"4":{"start":{"line":8,"column":8},"end":{"line":8,"column":40}},"5":{"start":{"line":12,"column":26},"end":{"line":12,"column":54}},"6":{"start":{"line":13,"column":23},"end":{"line":13,"column":57}},"7":{"start":{"line":15,"column":24},"end":{"line":15,"column":95}},"8":{"start":{"line":16,"column":8},"end":{"line":16,"column":40}},"9":{"start":{"line":17,"column":8},"end":{"line":17,"column":30}},"10":{"start":{"line":19,"column":8},"end":{"line":19,"column":22}},"11":{"start":{"line":24,"column":0},"end":{"line":24,"column":48}}},"fnMap":{"0":{"name":"(anonymous_0)","decl":{"start":{"line":7,"column":4},"end":{"line":7,"column":5}},"loc":{"start":{"line":7,"column":27},"end":{"line":9,"column":5}},"line":7},"1":{"name":"(anonymous_1)","decl":{"start":{"line":11,"column":4},"end":{"line":11,"column":5}},"loc":{"start":{"line":11,"column":59},"end":{"line":21,"column":5}},"line":11}},"branchMap":{},"s":{"0":2,"1":2,"2":2,"3":2,"4":0,"5":1,"6":1,"7":1,"8":1,"9":1,"10":1,"11":2},"f":{"0":0,"1":1},"b":{},"_coverageSchema":"1a1c01bbd47fc00a2c39e90264f33305004495a9","hash":"16b355f739253ce8662531d505da7336809abdf8"}
}
